<?xml version="1.0" encoding="UTF-8"?>
<testsuite xmlns:xsi="http://www.w3.org/2001/XMLSchema-instance" xsi:noNamespaceSchemaLocation="https://maven.apache.org/surefire/maven-surefire-plugin/xsd/surefire-test-report.xsd" version="3.0.2" name="com.boot.AiTranslationApplicationTests" time="6.714" tests="1" errors="0" skipped="0" failures="0">
  <properties>
[...]
</properties>
  <testcase name="contextLoads" classname="com.boot.AiTranslationApplicationTests" time="1.543">
    <system-out><![CDATA[21:24:40.679 [main] INFO org.springframework.test.context.support.AnnotationConfigContextLoaderUtils -- Could not detect default configuration classes for test class [com.boot.AiTranslationApplicationTests]: AiTranslationApplicationTests does not declare any static, non-private, non-final, nested classes annotated with @Configuration.
21:24:40.899 [main] INFO org.springframework.boot.test.context.SpringBootTestContextBootstrapper -- Found @SpringBootConfiguration com.boot.AiTranslationApplication for test class com.boot.AiTranslationApplicationTests
21:24:41.272 [main] INFO org.springframework.boot.devtools.restart.RestartApplicationListener -- Restart disabled due to context in which it is running

  .   ____          _            __ _ _
 /\\ / ___'_ __ _ _(_)_ __  __ _ \ \ \ \
( ( )\___ | '_ | '_| | '_ \/ _` | \ \ \ \
 \\/  ___)| |_)| | | | | || (_| |  ) ) ) )
  '  |____| .__|_| |_|_| |_\__, | / / / /
 =========|_|==============|___/=/_/_/_/

 :: Spring Boot ::                (v3.4.0)

2024-12-03T21:24:41.839+05:30  INFO 7816 --- [AITranslation] [           main] com.boot.AiTranslationApplicationTests   : Starting AiTranslationApplicationTests using Java 17.0.8 with PID 7816 (started by cheta in C:\Users\cheta\Documents\workspace-spring-tool-suite-4-4.26.0.RELEASE\AITranslation)
2024-12-03T21:24:41.842+05:30  INFO 7816 --- [AITranslation] [           main] com.boot.AiTranslationApplicationTests   : No active profile set, falling back to 1 default profile: "default"
2024-12-03T21:24:45.488+05:30  INFO 7816 --- [AITranslation] [           main] com.boot.AiTranslationApplicationTests   : Started AiTranslationApplicationTests in 4.244 seconds (process running for 6.122)
]]></system-out>
  </testcase>
</testsuite>